<?xml version="1.0" encoding="UTF-8"?>
<!-- Generated by org.testng.reporters.JUnitXMLReporter -->
<testsuite ignored="4" hostname="LAPTOP-L82634T5" failures="0" tests="0" time="0.018" errors="0" timestamp="2024-09-04T17:07:54 IST">
  <testcase classname="testng.Testngdemo" name="test2" time="0.0">
    <ignored/>
  </testcase> <!-- test2 -->
  <testcase classname="testng.Testngdemo" name="test4" time="0.0">
    <ignored/>
  </testcase> <!-- test4 -->
  <testcase classname="testng.Testngdemo" name="test1" time="0.0">
    <ignored/>
  </testcase> <!-- test1 -->
  <testcase classname="testng.Testngdemo" name="test3" time="0.0">
    <ignored/>
  </testcase> <!-- test3 -->
</testsuite>
